<?xml version="1.0" encoding="UTF-8"?>
<testng-results skipped="0" failed="1" ignored="0" total="4" passed="3">
  <reporter-output>
  </reporter-output>
  <suite name="Default suite" duration-ms="30345" started-at="2020-03-14T00:26:43Z" finished-at="2020-03-14T00:27:13Z">
    <groups>
    </groups>
    <test name="Default test" duration-ms="30345" started-at="2020-03-14T00:26:43Z" finished-at="2020-03-14T00:27:13Z">
      <class name="com.hubspot.tests.LoginPageTest">
        <test-method status="PASS" signature="setUp()[pri:0, instance:com.hubspot.tests.LoginPageTest@733c423e]" name="setUp" is-config="true" duration-ms="7283" started-at="2020-03-13T20:26:43Z" finished-at="2020-03-13T20:26:50Z">
          <reporter-output>
          </reporter-output>
        </test-method> <!-- setUp -->
        <test-method status="FAIL" signature="getTitle()[pri:1, instance:com.hubspot.tests.LoginPageTest@733c423e]" name="getTitle" duration-ms="83" started-at="2020-03-13T20:26:50Z" description="Hubspot Login get title" finished-at="2020-03-13T20:26:50Z">
          <exception class="java.lang.AssertionError">
            <message>
              <![CDATA[title is incorrect expected [HubSpot Logi] but found [HubSpot Login]]]>
            </message>
            <full-stacktrace>
              <![CDATA[java.lang.AssertionError: title is incorrect expected [HubSpot Logi] but found [HubSpot Login]
	at org.testng.Assert.fail(Assert.java:93)
	at org.testng.Assert.failNotEquals(Assert.java:512)
	at org.testng.Assert.assertEqualsImpl(Assert.java:134)
	at org.testng.Assert.assertEquals(Assert.java:115)
	at org.testng.Assert.assertEquals(Assert.java:189)
	at com.hubspot.tests.LoginPageTest.getTitle(LoginPageTest.java:60)
	at sun.reflect.NativeMethodAccessorImpl.invoke0(Native Method)
	at sun.reflect.NativeMethodAccessorImpl.invoke(NativeMethodAccessorImpl.java:62)
	at sun.reflect.DelegatingMethodAccessorImpl.invoke(DelegatingMethodAccessorImpl.java:43)
	at java.lang.reflect.Method.invoke(Method.java:498)
	at org.testng.internal.MethodInvocationHelper.invokeMethod(MethodInvocationHelper.java:108)
	at org.testng.internal.Invoker.invokeMethod(Invoker.java:661)
	at org.testng.internal.Invoker.invokeTestMethod(Invoker.java:869)
	at org.testng.internal.Invoker.invokeTestMethods(Invoker.java:1193)
	at org.testng.internal.TestMethodWorker.invokeTestMethods(TestMethodWorker.java:126)
	at org.testng.internal.TestMethodWorker.run(TestMethodWorker.java:109)
	at org.testng.TestRunner.privateRun(TestRunner.java:744)
	at org.testng.TestRunner.run(TestRunner.java:602)
	at org.testng.SuiteRunner.runTest(SuiteRunner.java:380)
	at org.testng.SuiteRunner.runSequentially(SuiteRunner.java:375)
	at org.testng.SuiteRunner.privateRun(SuiteRunner.java:340)
	at org.testng.SuiteRunner.run(SuiteRunner.java:289)
	at org.testng.SuiteRunnerWorker.runSuite(SuiteRunnerWorker.java:52)
	at org.testng.SuiteRunnerWorker.run(SuiteRunnerWorker.java:86)
	at org.testng.TestNG.runSuitesSequentially(TestNG.java:1301)
	at org.testng.TestNG.runSuitesLocally(TestNG.java:1226)
	at org.testng.TestNG.runSuites(TestNG.java:1144)
	at org.testng.TestNG.run(TestNG.java:1115)
	at org.testng.remote.AbstractRemoteTestNG.run(AbstractRemoteTestNG.java:132)
	at org.testng.remote.RemoteTestNG.initAndRun(RemoteTestNG.java:230)
	at org.testng.remote.RemoteTestNG.main(RemoteTestNG.java:76)
]]>
            </full-stacktrace>
          </exception> <!-- java.lang.AssertionError -->
          <reporter-output>
          </reporter-output>
        </test-method> <!-- getTitle -->
        <test-method status="PASS" signature="tearDown()[pri:0, instance:com.hubspot.tests.LoginPageTest@733c423e]" name="tearDown" is-config="true" duration-ms="97" started-at="2020-03-13T20:26:50Z" finished-at="2020-03-13T20:26:50Z">
          <reporter-output>
          </reporter-output>
        </test-method> <!-- tearDown -->
        <test-method status="PASS" signature="setUp()[pri:0, instance:com.hubspot.tests.LoginPageTest@733c423e]" name="setUp" is-config="true" duration-ms="6256" started-at="2020-03-13T20:26:50Z" finished-at="2020-03-13T20:26:57Z">
          <reporter-output>
          </reporter-output>
        </test-method> <!-- setUp -->
        <test-method status="PASS" signature="loginTest1()[pri:2, instance:com.hubspot.tests.LoginPageTest@733c423e]" name="loginTest1" duration-ms="562" started-at="2020-03-13T20:26:57Z" description="Login test using correct username and correct password" finished-at="2020-03-13T20:26:57Z">
          <reporter-output>
          </reporter-output>
        </test-method> <!-- loginTest1 -->
        <test-method status="PASS" signature="tearDown()[pri:0, instance:com.hubspot.tests.LoginPageTest@733c423e]" name="tearDown" is-config="true" duration-ms="90" started-at="2020-03-13T20:26:57Z" finished-at="2020-03-13T20:26:57Z">
          <reporter-output>
          </reporter-output>
        </test-method> <!-- tearDown -->
        <test-method status="PASS" signature="setUp()[pri:0, instance:com.hubspot.tests.LoginPageTest@733c423e]" name="setUp" is-config="true" duration-ms="6129" started-at="2020-03-13T20:26:57Z" finished-at="2020-03-13T20:27:04Z">
          <reporter-output>
          </reporter-output>
        </test-method> <!-- setUp -->
        <test-method status="PASS" signature="loginTest2()[pri:3, instance:com.hubspot.tests.LoginPageTest@733c423e]" name="loginTest2" duration-ms="538" started-at="2020-03-13T20:27:04Z" description="Login test using correct username and incorrect password" finished-at="2020-03-13T20:27:04Z">
          <reporter-output>
          </reporter-output>
        </test-method> <!-- loginTest2 -->
        <test-method status="PASS" signature="tearDown()[pri:0, instance:com.hubspot.tests.LoginPageTest@733c423e]" name="tearDown" is-config="true" duration-ms="88" started-at="2020-03-13T20:27:04Z" finished-at="2020-03-13T20:27:04Z">
          <reporter-output>
          </reporter-output>
        </test-method> <!-- tearDown -->
        <test-method status="PASS" signature="setUp()[pri:0, instance:com.hubspot.tests.LoginPageTest@733c423e]" name="setUp" is-config="true" duration-ms="6183" started-at="2020-03-13T20:27:04Z" finished-at="2020-03-13T20:27:10Z">
          <reporter-output>
          </reporter-output>
        </test-method> <!-- setUp -->
        <test-method status="PASS" signature="loginTest3()[pri:4, instance:com.hubspot.tests.LoginPageTest@733c423e]" name="loginTest3" duration-ms="663" started-at="2020-03-13T20:27:10Z" description="Login test using incorrect username and  correct password" finished-at="2020-03-13T20:27:11Z">
          <reporter-output>
          </reporter-output>
        </test-method> <!-- loginTest3 -->
        <test-method status="PASS" signature="tearDown()[pri:0, instance:com.hubspot.tests.LoginPageTest@733c423e]" name="tearDown" is-config="true" duration-ms="2184" started-at="2020-03-13T20:27:11Z" finished-at="2020-03-13T20:27:13Z">
          <reporter-output>
          </reporter-output>
        </test-method> <!-- tearDown -->
      </class> <!-- com.hubspot.tests.LoginPageTest -->
    </test> <!-- Default test -->
  </suite> <!-- Default suite -->
</testng-results>
